<?xml version="1.0" encoding="UTF-8"?>
<!-- Generated by org.testng.reporters.JUnitReportReporter -->
<testsuite hostname="LAPTOP-5K836TPI" failures="0" tests="1" name="TestCase.EndToEnd" time="63.412" errors="0" timestamp="2023-05-21T01:23:36 ICT" skipped="0">
  <testcase classname="TestCase.EndToEnd" name="EndToEndTC" time="63.412"/>
  <system-out/>
</testsuite> <!-- TestCase.EndToEnd -->
