<?xml version="1.0" encoding="UTF-8"?>
<!-- Generated by org.testng.reporters.JUnitReportReporter -->
<testsuite hostname="LAPTOP-5K836TPI" failures="0" tests="1" name="TestCase.LoginFunction" time="9.873" errors="0" timestamp="2023-05-22T00:24:22 ICT" skipped="0">
  <testcase classname="TestCase.LoginFunction" name="TC01_Login_valid" time="9.873"/>
  <system-out/>
</testsuite> <!-- TestCase.LoginFunction -->
