<?xml version="1.0" encoding="UTF-8"?>
<!-- Generated by org.testng.reporters.JUnitReportReporter -->
<testsuite hostname="LAPTOP-5K836TPI" failures="0" tests="1" name="TestCase.LoginFunction" time="27.763" errors="0" timestamp="2023-05-19T15:02:09 ICT" skipped="0">
  <testcase classname="TestCase.LoginFunction" name="TC01_Login_valid" time="27.763"/>
  <system-out/>
</testsuite> <!-- TestCase.LoginFunction -->
