<?xml version="1.0" encoding="UTF-8"?>
<!-- Generated by org.testng.reporters.JUnitReportReporter -->
<testsuite hostname="LAPTOP-5K836TPI" failures="0" tests="1" name="TestCase.EndToEnd" time="54.800" errors="0" timestamp="2023-05-23T01:09:53 ICT" skipped="0">
  <testcase classname="TestCase.EndToEnd" name="EndToEndTC" time="54.800"/>
  <system-out/>
</testsuite> <!-- TestCase.EndToEnd -->
