<?xml version="1.0" encoding="UTF-8"?>
<!-- Generated by org.testng.reporters.JUnitReportReporter -->
<testsuite hostname="LAPTOP-5K836TPI" failures="0" tests="1" name="Test.Test01" time="19.070" errors="0" timestamp="2023-05-18T11:20:11 ICT" skipped="0">
  <testcase classname="Test.Test01" name="checkAppVersion" time="19.070"/>
  <system-out/>
</testsuite> <!-- Test.Test01 -->
