<?xml version="1.0" encoding="UTF-8"?>
<!-- Generated by org.testng.reporters.JUnitReportReporter -->
<testsuite hostname="LAPTOP-5K836TPI" failures="0" tests="1" name="TestCase.EndToEnd" time="39.783" errors="0" timestamp="2023-05-19T00:31:37 ICT" skipped="0">
  <testcase classname="TestCase.EndToEnd" name="EndToEndTC" time="39.783"/>
  <system-out/>
</testsuite> <!-- TestCase.EndToEnd -->
