<?xml version="1.0" encoding="UTF-8"?>
<!-- Generated by org.testng.reporters.JUnitReportReporter -->
<testsuite hostname="LAPTOP-5K836TPI" failures="0" tests="1" name="Test.SampleTest" time="12.747" errors="0" timestamp="2023-05-13T23:52:13 ICT" skipped="0">
  <testcase classname="Test.SampleTest" name="sampleTest" time="12.747"/>
  <system-out/>
</testsuite> <!-- Test.SampleTest -->
