<?xml version="1.0" encoding="UTF-8"?>
<!-- Generated by org.testng.reporters.JUnitReportReporter -->
<testsuite hostname="LAPTOP-5K836TPI" failures="0" tests="1" name="SampleTest" time="7.976" errors="0" timestamp="2023-05-13T15:17:23 ICT" skipped="0">
  <testcase classname="SampleTest" name="sampleTest" time="7.976"/>
  <system-out/>
</testsuite> <!-- SampleTest -->
