<?xml version="1.0" encoding="UTF-8"?>
<!-- Generated by org.testng.reporters.JUnitReportReporter -->
<testsuite hostname="LAPTOP-5K836TPI" failures="0" tests="1" name="TestCase.EndToEnd" time="61.371" errors="0" timestamp="2023-05-22T01:11:44 ICT" skipped="0">
  <testcase classname="TestCase.EndToEnd" name="EndToEndTC" time="61.371"/>
  <system-out/>
</testsuite> <!-- TestCase.EndToEnd -->
