<?xml version="1.0" encoding="UTF-8"?>
<!-- Generated by org.testng.reporters.JUnitReportReporter -->
<testsuite hostname="LAPTOP-5K836TPI" failures="0" tests="1" name="TestCase.LoginFunction" time="3.815" errors="0" timestamp="2023-05-23T00:35:06 ICT" skipped="0">
  <testcase classname="TestCase.LoginFunction" name="name" time="3.815"/>
  <system-out/>
</testsuite> <!-- TestCase.LoginFunction -->
