<?xml version="1.0" encoding="UTF-8"?>
<!-- Generated by org.testng.reporters.JUnitReportReporter -->
<testsuite hostname="LAPTOP-5K836TPI" failures="0" tests="1" name="TestCase.RegisterFunction" time="25.152" errors="0" timestamp="2023-05-18T22:54:11 ICT" skipped="0">
  <testcase classname="TestCase.RegisterFunction" name="TC03_Register_valid" time="25.152"/>
  <system-out/>
</testsuite> <!-- TestCase.RegisterFunction -->
