<?xml version="1.0" encoding="UTF-8"?>
<!-- Generated by org.testng.reporters.JUnitReportReporter -->
<testsuite hostname="LAPTOP-5K836TPI" failures="0" tests="1" name="OtherTest.OrderApp2" time="11.479" errors="0" timestamp="2023-05-14T11:05:54 ICT" skipped="0">
  <testcase classname="OtherTest.OrderApp2" name="sampleTest" time="11.479"/>
  <system-out/>
</testsuite> <!-- OtherTest.OrderApp2 -->
