<?xml version="1.0" encoding="UTF-8"?>
<!-- Generated by org.testng.reporters.JUnitReportReporter -->
<testsuite hostname="LAPTOP-5K836TPI" failures="0" tests="1" name="Test.Test2" time="21.744" errors="0" timestamp="2023-05-18T12:00:30 ICT" skipped="0">
  <testcase classname="Test.Test2" name="Test_Login_valid" time="21.744"/>
  <system-out/>
</testsuite> <!-- Test.Test2 -->
