<?xml version="1.0" encoding="UTF-8"?>
<!-- Generated by org.testng.reporters.JUnitReportReporter -->
<testsuite hostname="LAPTOP-5K836TPI" failures="0" tests="1" name="test" time="14.065" errors="0" timestamp="2023-05-12T16:22:15 ICT" skipped="0">
  <testcase classname="test" name="OpenApp" time="14.065"/>
  <system-out/>
</testsuite> <!-- test -->
